<?xml version="1.0" encoding="UTF-8"?>
<testng-results ignored="0" total="4" passed="4" failed="0" skipped="0">
  <reporter-output>
  </reporter-output>
  <suite started-at="2024-06-22T15:23:04 IST" name="Loan Department" finished-at="2024-06-22T15:23:04 IST" duration-ms="138">
    <groups>
      <group name="Smoke">
        <method signature="day4.plan()[pri:0, instance:test.day4@5b1669c0]" name="plan" class="test.day4"/>
        <method signature="day4.plan1()[pri:0, instance:test.day4@5b1669c0]" name="plan1" class="test.day4"/>
      </group> <!-- Smoke -->
    </groups>
    <test started-at="2024-06-22T15:23:04 IST" name="Personal Loan" finished-at="2024-06-22T15:23:04 IST" duration-ms="37">
      <class name="test.day2">
        <test-method signature="SecondTest()[pri:0, instance:test.day2@5d0a1059]" started-at="2024-06-22T15:23:04 IST" name="SecondTest" finished-at="2024-06-22T15:23:04 IST" duration-ms="6" status="PASS">
          <reporter-output>
          </reporter-output>
        </test-method> <!-- SecondTest -->
      </class> <!-- test.day2 -->
    </test> <!-- Personal Loan -->
    <test started-at="2024-06-22T15:23:04 IST" name="Car Loan" finished-at="2024-06-22T15:23:04 IST" duration-ms="4">
      <class name="test.day3">
        <test-method signature="WebLoginAPICarLoan()[pri:0, instance:test.day3@4686afc2]" started-at="2024-06-22T15:23:04 IST" name="WebLoginAPICarLoan" finished-at="2024-06-22T15:23:04 IST" duration-ms="1" status="PASS">
          <reporter-output>
          </reporter-output>
        </test-method> <!-- WebLoginAPICarLoan -->
      </class> <!-- test.day3 -->
    </test> <!-- Car Loan -->
    <test started-at="2024-06-22T15:23:04 IST" name="Hoome Loan" finished-at="2024-06-22T15:23:04 IST" duration-ms="15">
      <class name="test.day4">
        <test-method is-config="true" signature="bSuite()[pri:0, instance:test.day4@5b1669c0]" started-at="2024-06-22T15:23:03 IST" name="bSuite" finished-at="2024-06-22T15:23:04 IST" duration-ms="10" status="PASS">
          <reporter-output>
          </reporter-output>
        </test-method> <!-- bSuite -->
        <test-method is-config="true" signature="prerequisite()[pri:0, instance:test.day4@5b1669c0]" started-at="2024-06-22T15:23:04 IST" name="prerequisite" finished-at="2024-06-22T15:23:04 IST" duration-ms="0" status="PASS">
          <reporter-output>
          </reporter-output>
        </test-method> <!-- prerequisite -->
        <test-method is-config="true" signature="bMethod()[pri:0, instance:test.day4@5b1669c0]" started-at="2024-06-22T15:23:04 IST" name="bMethod" finished-at="2024-06-22T15:23:04 IST" duration-ms="1" status="PASS">
          <reporter-output>
          </reporter-output>
        </test-method> <!-- bMethod -->
        <test-method signature="plan()[pri:0, instance:test.day4@5b1669c0]" started-at="2024-06-22T15:23:04 IST" name="plan" finished-at="2024-06-22T15:23:04 IST" duration-ms="1" status="PASS">
          <reporter-output>
          </reporter-output>
        </test-method> <!-- plan -->
        <test-method is-config="true" signature="bMethod()[pri:0, instance:test.day4@5b1669c0]" started-at="2024-06-22T15:23:04 IST" name="bMethod" finished-at="2024-06-22T15:23:04 IST" duration-ms="1" status="PASS">
          <reporter-output>
          </reporter-output>
        </test-method> <!-- bMethod -->
        <test-method signature="plan1()[pri:0, instance:test.day4@5b1669c0]" started-at="2024-06-22T15:23:04 IST" name="plan1" finished-at="2024-06-22T15:23:04 IST" duration-ms="1" status="PASS">
          <reporter-output>
          </reporter-output>
        </test-method> <!-- plan1 -->
        <test-method is-config="true" signature="postrequisite()[pri:0, instance:test.day4@5b1669c0]" started-at="2024-06-22T15:23:04 IST" name="postrequisite" finished-at="2024-06-22T15:23:04 IST" duration-ms="0" status="PASS">
          <reporter-output>
          </reporter-output>
        </test-method> <!-- postrequisite -->
        <test-method is-config="true" signature="Asuite()[pri:0, instance:test.day4@5b1669c0]" started-at="2024-06-22T15:23:04 IST" name="Asuite" finished-at="2024-06-22T15:23:04 IST" duration-ms="1" status="PASS">
          <reporter-output>
          </reporter-output>
        </test-method> <!-- Asuite -->
      </class> <!-- test.day4 -->
    </test> <!-- Hoome Loan -->
  </suite> <!-- Loan Department -->
</testng-results>
